Arguments: 
  C:\Program Files\nodejs\node.exe C:\Users\Charmi\AppData\Roaming\npm\node_modules\yarn\bin\yarn.js add @material-ui/lab

PATH: 
  C:\Windows\system32;C:\Windows;C:\Windows\System32\Wbem;C:\Windows\System32\WindowsPowerShell\v1.0\;C:\Windows\System32\OpenSSH\;C:\Program Files\dotnet\;C:\Program Files\nodejs\;C:\Program Files\Microsoft SQL Server\150\Tools\Binn\;C:\Program Files\Microsoft SQL Server\Client SDK\ODBC\170\Tools\Binn\;C:\Program Files\PostgreSQL\14\bin;C:\Users\Charmi\AppData\Local\Microsoft\WindowsApps;C:\Users\Charmi\.dotnet\tools;C:\Users\Charmi\AppData\Roaming\npm;C:\Users\Charmi\AppData\Local\Programs\Microsoft VS Code\bin

Yarn version: 
  1.22.19

Node version: 
  16.15.1

Platform: 
  win32 x64

Trace: 
  Error: getaddrinfo ENOTFOUND registry.yarnpkg.com
      at GetAddrInfoReqWrap.onlookup [as oncomplete] (node:dns:71:26)

npm manifest: 
  {
    "name": "bookstore-demo",
    "version": "0.1.0",
    "private": true,
    "dependencies": {
      "@material-ui/core": "^4.12.4",
      "@testing-library/jest-dom": "^5.16.4",
      "@testing-library/react": "^13.2.0",
      "@testing-library/user-event": "^13.5.0",
      "@types/jest": "^27.5.1",
      "@types/node": "^16.11.36",
      "@types/react": "^18.0.9",
      "@types/react-dom": "^18.0.5",
      "axios": "^0.27.2",
      "formik": "^2.2.9",
      "react": "^18.1.0",
      "react-dom": "^18.1.0",
      "react-router-dom": "^5.2.0",
      "react-scripts": "5.0.1",
      "react-toastify": "^9.0.1",
      "typescript": "^4.7.2",
      "web-vitals": "^2.1.4",
      "yup": "^0.32.11"
    },
    "scripts": {
      "start": "react-scripts start",
      "build": "react-scripts build",
      "test": "react-scripts test",
      "eject": "react-scripts eject"
    },
    "eslintConfig": {
      "extends": [
        "react-app",
        "react-app/jest"
      ]
    },
    "browserslist": {
      "production": [
        ">0.2%",
        "not dead",
        "not op_mini all"
      ],
      "development": [
        "last 1 chrome version",
        "last 1 firefox version",
        "last 1 safari version"
      ]
    },
    "devDependencies": {
      "@types/react-router-dom": "^5.3.3"
    }
  }

yarn manifest: 
  No manifest

Lockfile: 
  No lockfile
